<?xml version="1.0" encoding="UTF-8"?>
<!-- Generated by org.testng.reporters.JUnitReportReporter -->
<testsuite skipped="0" hostname="DESKTOP-THFSISU" name="RmgApi_BDD.UpdateTheProject" tests="1" failures="0" timestamp="29 Jul 2021 12:47:20 GMT" time="2.628" errors="0">
  <testcase name="UpdateProject" time="2.628" classname="RmgApi_BDD.UpdateTheProject"/>
</testsuite> <!-- RmgApi_BDD.UpdateTheProject -->
