<?xml version="1.0" encoding="UTF-8"?>
<!-- Generated by org.testng.reporters.JUnitReportReporter -->
<testsuite skipped="0" hostname="DESKTOP-THFSISU" name="rmg_ap_project.rmg_ap_project.GetTheProject" tests="1" failures="0" timestamp="31 Jul 2021 11:39:45 GMT" time="2.076" errors="0">
  <testcase name="getAllProject" time="2.076" classname="rmg_ap_project.rmg_ap_project.GetTheProject"/>
</testsuite> <!-- rmg_ap_project.rmg_ap_project.GetTheProject -->
