<?xml version="1.0" encoding="UTF-8"?>
<!-- Generated by org.testng.reporters.JUnitReportReporter -->
<testsuite skipped="0" hostname="DESKTOP-THFSISU" name="TestCaseAssinments.RequestChainningCreateAndGet" tests="1" failures="0" timestamp="01 Aug 2021 04:31:51 GMT" time="3.596" errors="0">
  <testcase name="requestChainningForPostAndDelete" time="3.596" classname="TestCaseAssinments.RequestChainningCreateAndGet"/>
</testsuite> <!-- TestCaseAssinments.RequestChainningCreateAndGet -->
