<?xml version="1.0" encoding="UTF-8"?>
<!-- Generated by org.testng.reporters.JUnitReportReporter -->
<testsuite skipped="0" hostname="DESKTOP-THFSISU" name="rmg_ap_project.rmg_ap_project.DeleteProject" tests="1" failures="0" timestamp="29 Jul 2021 10:44:46 GMT" time="2.071" errors="0">
  <testcase name="DelectPr" time="2.071" classname="rmg_ap_project.rmg_ap_project.DeleteProject"/>
</testsuite> <!-- rmg_ap_project.rmg_ap_project.DeleteProject -->
