<?xml version="1.0" encoding="UTF-8"?>
<!-- Generated by org.testng.reporters.JUnitReportReporter -->
<testsuite skipped="0" hostname="DESKTOP-THFSISU" name="ParametersAndAuthentication.ChainingForPostAndGetAndDelete" tests="1" failures="0" timestamp="01 Aug 2021 06:13:07 GMT" time="3.901" errors="0">
  <testcase name="requestForpostAndGetAndDelete" time="3.901" classname="ParametersAndAuthentication.ChainingForPostAndGetAndDelete"/>
</testsuite> <!-- ParametersAndAuthentication.ChainingForPostAndGetAndDelete -->
