<?xml version="1.0" encoding="UTF-8"?>
<!-- Generated by org.testng.reporters.JUnitReportReporter -->
<testsuite skipped="0" hostname="DESKTOP-THFSISU" name="com.comcast.ComplexDATA.CreateMultipleProjectUsingDataProvider" tests="5" failures="0" timestamp="30 Jul 2021 11:21:50 GMT" time="3.081" errors="0">
  <testcase name="createMultipleProject" time="0.071" classname="com.comcast.ComplexDATA.CreateMultipleProjectUsingDataProvider"/>
  <testcase name="createMultipleProject" time="0.116" classname="com.comcast.ComplexDATA.CreateMultipleProjectUsingDataProvider"/>
  <testcase name="createMultipleProject" time="0.101" classname="com.comcast.ComplexDATA.CreateMultipleProjectUsingDataProvider"/>
  <testcase name="createMultipleProject" time="0.150" classname="com.comcast.ComplexDATA.CreateMultipleProjectUsingDataProvider"/>
  <testcase name="createMultipleProject" time="2.643" classname="com.comcast.ComplexDATA.CreateMultipleProjectUsingDataProvider"/>
</testsuite> <!-- com.comcast.ComplexDATA.CreateMultipleProjectUsingDataProvider -->
