<?xml version="1.0" encoding="UTF-8"?>
<!-- Generated by org.testng.reporters.JUnitReportReporter -->
<testsuite skipped="0" hostname="DESKTOP-THFSISU" name="com.comcast.ComplexDATA.ValidateDynamicResponseUsingReqRes" tests="1" failures="0" timestamp="31 Jul 2021 05:16:10 GMT" time="5.326" errors="0">
  <testcase name="dynamicResponseUsingReqRes" time="5.326" classname="com.comcast.ComplexDATA.ValidateDynamicResponseUsingReqRes"/>
</testsuite> <!-- com.comcast.ComplexDATA.ValidateDynamicResponseUsingReqRes -->
