<?xml version="1.0" encoding="UTF-8"?>
<!-- Generated by org.testng.reporters.JUnitReportReporter -->
<testsuite skipped="0" hostname="DESKTOP-THFSISU" name="com.ty.Rmg.Projects.GetProjectAndDeletesSameProjectAndValidateWithDBTest" tests="1" failures="0" timestamp="02 Aug 2021 11:40:57 GMT" time="3.481" errors="0">
  <testcase name="getProjectAndDeletesSameProjectAndValidateWithDBTest" time="3.481" classname="com.ty.Rmg.Projects.GetProjectAndDeletesSameProjectAndValidateWithDBTest"/>
</testsuite> <!-- com.ty.Rmg.Projects.GetProjectAndDeletesSameProjectAndValidateWithDBTest -->
