<?xml version="1.0" encoding="UTF-8"?>
<!-- Generated by org.testng.reporters.JUnitReportReporter -->
<testsuite skipped="0" hostname="DESKTOP-THFSISU" name="TestCaseAssinments.CreateProjectAndCreateEmployee" tests="1" failures="0" timestamp="02 Aug 2021 05:18:09 GMT" time="4.208" errors="0">
  <testcase name="requestChainingForCreateProjectAndCreatEmployee" time="4.208" classname="TestCaseAssinments.CreateProjectAndCreateEmployee"/>
</testsuite> <!-- TestCaseAssinments.CreateProjectAndCreateEmployee -->
