<?xml version="1.0" encoding="UTF-8"?>
<!-- Generated by org.testng.reporters.JUnitReportReporter -->
<testsuite skipped="0" hostname="DESKTOP-THFSISU" name="RmgApi_BDD.Creatproject1" tests="1" failures="0" timestamp="29 Jul 2021 12:40:00 GMT" time="2.420" errors="0">
  <testcase name="CreatProject" time="2.420" classname="RmgApi_BDD.Creatproject1"/>
</testsuite> <!-- RmgApi_BDD.Creatproject1 -->
