<?xml version="1.0" encoding="UTF-8"?>
<!-- Generated by org.testng.reporters.JUnitReportReporter -->
<testsuite skipped="0" hostname="DESKTOP-THFSISU" name="ProjectUsingPojoClass.CreatProjectUsingPojoClass" tests="1" failures="0" timestamp="30 Jul 2021 09:01:13 GMT" time="2.533" errors="0">
  <testcase name="createProjectUsingPojoclass" time="2.533" classname="ProjectUsingPojoClass.CreatProjectUsingPojoClass"/>
</testsuite> <!-- ProjectUsingPojoClass.CreatProjectUsingPojoClass -->
