<?xml version="1.0" encoding="UTF-8"?>
<!-- Generated by org.testng.reporters.JUnitReportReporter -->
<testsuite skipped="0" hostname="DESKTOP-THFSISU" name="RmgApi_BDD.CreatProject" tests="1" failures="0" timestamp="29 Jul 2021 12:20:59 GMT" time="2.117" errors="0">
  <testcase name="creatAppProject" time="2.117" classname="RmgApi_BDD.CreatProject"/>
</testsuite> <!-- RmgApi_BDD.CreatProject -->
