<?xml version="1.0" encoding="UTF-8"?>
<!-- Generated by org.testng.reporters.JUnitReportReporter -->
<testsuite skipped="0" hostname="DESKTOP-THFSISU" name="rmg_ap_project.rmg_ap_project.GetDeletedProject" tests="1" failures="0" timestamp="29 Jul 2021 11:45:37 GMT" time="2.002" errors="0">
  <testcase name="VerivyDeletedProject" time="2.002" classname="rmg_ap_project.rmg_ap_project.GetDeletedProject"/>
</testsuite> <!-- rmg_ap_project.rmg_ap_project.GetDeletedProject -->
