<?xml version="1.0" encoding="UTF-8"?>
<!-- Generated by org.testng.reporters.JUnitReportReporter -->
<testsuite skipped="0" hostname="DESKTOP-THFSISU" name="ParametersAndAuthentication.ChainningPostandDeleteRequest" tests="1" failures="0" timestamp="31 Jul 2021 17:40:56 GMT" time="3.955" errors="0">
  <testcase name="requestChainningForPostAndDelete" time="3.955" classname="ParametersAndAuthentication.ChainningPostandDeleteRequest"/>
</testsuite> <!-- ParametersAndAuthentication.ChainningPostandDeleteRequest -->
