<?xml version="1.0" encoding="UTF-8"?>
<!-- Generated by org.testng.reporters.JUnitReportReporter -->
<testsuite skipped="0" hostname="DESKTOP-THFSISU" name="ParametersAndAuthentication.RequestChainning" tests="1" failures="0" timestamp="31 Jul 2021 07:46:41 GMT" time="3.177" errors="0">
  <testcase name="verifyRequestChainning" time="3.177" classname="ParametersAndAuthentication.RequestChainning"/>
</testsuite> <!-- ParametersAndAuthentication.RequestChainning -->
