<?xml version="1.0" encoding="UTF-8"?>
<!-- Generated by org.testng.reporters.JUnitReportReporter -->
<testsuite skipped="0" hostname="DESKTOP-THFSISU" name="ParametersAndAuthentication.BasicAuthentication" tests="1" failures="0" timestamp="31 Jul 2021 09:27:30 GMT" time="2.408" errors="0">
  <testcase name="verifyBasicAuthentiction" time="2.408" classname="ParametersAndAuthentication.BasicAuthentication"/>
</testsuite> <!-- ParametersAndAuthentication.BasicAuthentication -->
