<?xml version="1.0" encoding="UTF-8"?>
<!-- Generated by org.testng.reporters.JUnitReportReporter -->
<testsuite skipped="0" hostname="DESKTOP-THFSISU" name="UpdateTheProjectUsingJsonFile" tests="1" failures="0" timestamp="30 Jul 2021 07:25:42 GMT" time="2.217" errors="0">
  <testcase name="updateProjectUsing" time="2.217" classname="UpdateTheProjectUsingJsonFile"/>
</testsuite> <!-- UpdateTheProjectUsingJsonFile -->
