<?xml version="1.0" encoding="UTF-8"?>
<!-- Generated by org.testng.reporters.JUnitReportReporter -->
<testsuite skipped="0" hostname="DESKTOP-THFSISU" name="rmg_ap_project.rmg_ap_project.Creatproject" tests="1" failures="0" timestamp="29 Jul 2021 11:02:51 GMT" time="2.606" errors="0">
  <testcase name="CreatAProject" time="2.606" classname="rmg_ap_project.rmg_ap_project.Creatproject"/>
</testsuite> <!-- rmg_ap_project.rmg_ap_project.Creatproject -->
