<?xml version="1.0" encoding="UTF-8"?>
<!-- Generated by org.testng.reporters.JUnitReportReporter -->
<testsuite skipped="0" hostname="DESKTOP-THFSISU" name="ParametersAndAuthentication.BearerToken" tests="1" failures="0" timestamp="31 Jul 2021 10:00:02 GMT" time="3.707" errors="0">
  <testcase name="verifyBearerTokenAuthentiction" time="3.707" classname="ParametersAndAuthentication.BearerToken"/>
</testsuite> <!-- ParametersAndAuthentication.BearerToken -->
