<?xml version="1.0" encoding="UTF-8"?>
<!-- Generated by org.testng.reporters.JUnitReportReporter -->
<testsuite skipped="0" hostname="DESKTOP-THFSISU" name="RmgApi_BDD.CreatProjectUsingHashMap" tests="1" failures="0" timestamp="30 Jul 2021 06:18:44 GMT" time="2.870" errors="0">
  <testcase name="creatproject" time="2.870" classname="RmgApi_BDD.CreatProjectUsingHashMap"/>
</testsuite> <!-- RmgApi_BDD.CreatProjectUsingHashMap -->
