<?xml version="1.0" encoding="UTF-8"?>
<!-- Generated by org.testng.reporters.JUnitReportReporter -->
<testsuite skipped="0" hostname="DESKTOP-THFSISU" name="TestCaseAssinments.CreateProjectWithCompletedStatus" tests="1" failures="0" timestamp="31 Jul 2021 17:21:40 GMT" time="2.662" errors="0">
  <testcase name="projectWithCompletedStatus" time="2.662" classname="TestCaseAssinments.CreateProjectWithCompletedStatus"/>
</testsuite> <!-- TestCaseAssinments.CreateProjectWithCompletedStatus -->
