<?xml version="1.0" encoding="UTF-8"?>
<!-- Generated by org.testng.reporters.JUnitReportReporter -->
<testsuite skipped="0" hostname="DESKTOP-THFSISU" name="CreatProjectUsingJsonFile" tests="1" failures="0" timestamp="30 Jul 2021 07:09:46 GMT" time="2.189" errors="0">
  <testcase name="creatProjectUsingJsonFile" time="2.189" classname="CreatProjectUsingJsonFile"/>
</testsuite> <!-- CreatProjectUsingJsonFile -->
