<?xml version="1.0" encoding="UTF-8"?>
<!-- Generated by org.testng.reporters.JUnitReportReporter -->
<testsuite skipped="0" hostname="DESKTOP-THFSISU" name="ParametersAndAuthentication.Ouath21Authentication" tests="1" failures="0" timestamp="31 Jul 2021 11:11:17 GMT" time="3.676" errors="0">
  <testcase name="ouathAthentication" time="3.676" classname="ParametersAndAuthentication.Ouath21Authentication"/>
</testsuite> <!-- ParametersAndAuthentication.Ouath21Authentication -->
