<?xml version="1.0" encoding="UTF-8"?>
<!-- Generated by org.testng.reporters.JUnitReportReporter -->
<testsuite skipped="0" hostname="DESKTOP-THFSISU" name="rmg_ap_project.rmg_ap_project.UpdateProject" tests="1" failures="0" timestamp="29 Jul 2021 11:19:59 GMT" time="2.428" errors="0">
  <testcase name="Updateproject" time="2.428" classname="rmg_ap_project.rmg_ap_project.UpdateProject"/>
</testsuite> <!-- rmg_ap_project.rmg_ap_project.UpdateProject -->
