<?xml version="1.0" encoding="UTF-8"?>
<!-- Generated by org.testng.reporters.JUnitReportReporter -->
<testsuite skipped="0" hostname="DESKTOP-THFSISU" name="com.comcast.ComplexDATA.ValidateDynamicResponse" tests="1" failures="0" timestamp="30 Jul 2021 17:56:02 GMT" time="3.170" errors="0">
  <testcase name="dynamicResponse" time="3.170" classname="com.comcast.ComplexDATA.ValidateDynamicResponse"/>
</testsuite> <!-- com.comcast.ComplexDATA.ValidateDynamicResponse -->
