<?xml version="1.0" encoding="UTF-8"?>
<!-- Generated by org.testng.reporters.JUnitReportReporter -->
<testsuite skipped="0" hostname="DESKTOP-THFSISU" name="ParametersAndAuthentication.Ouath2authentication" tests="1" failures="0" timestamp="31 Jul 2021 11:06:33 GMT" time="4.428" errors="0">
  <testcase name="ouath2Authentication" time="4.428" classname="ParametersAndAuthentication.Ouath2authentication"/>
</testsuite> <!-- ParametersAndAuthentication.Ouath2authentication -->
