<?xml version="1.0" encoding="UTF-8"?>
<!-- Generated by org.testng.reporters.JUnitReportReporter -->
<testsuite skipped="0" hostname="DESKTOP-THFSISU" name="com.ty.Rmg.Projects.CreateProjectWithCreateStatusAndvalidateInDBTest" tests="1" failures="0" timestamp="02 Aug 2021 08:08:38 GMT" time="3.614" errors="0">
  <testcase name="createProjectWithCreateStatusAndvalidateInDBTest" time="3.614" classname="com.ty.Rmg.Projects.CreateProjectWithCreateStatusAndvalidateInDBTest"/>
</testsuite> <!-- com.ty.Rmg.Projects.CreateProjectWithCreateStatusAndvalidateInDBTest -->
