<?xml version="1.0" encoding="UTF-8"?>
<!-- Generated by org.testng.reporters.JUnitReportReporter -->
<testsuite skipped="0" hostname="DESKTOP-THFSISU" name="TestCaseAssinments.CreateProjectWithOnGoingStatus" tests="1" failures="0" timestamp="31 Jul 2021 17:27:24 GMT" time="2.569" errors="0">
  <testcase name="projectWithCompletedStatus" time="2.569" classname="TestCaseAssinments.CreateProjectWithOnGoingStatus"/>
</testsuite> <!-- TestCaseAssinments.CreateProjectWithOnGoingStatus -->
