<?xml version="1.0" encoding="UTF-8"?>
<!-- Generated by org.testng.reporters.JUnitReportReporter -->
<testsuite skipped="0" hostname="DESKTOP-THFSISU" name="com.comcast.ComplexDATA.ValidateStaticresponseUsingReqRes" tests="1" failures="0" timestamp="30 Jul 2021 17:41:36 GMT" time="3.231" errors="0">
  <testcase name="validateStaticresponseUsingReqRes" time="3.231" classname="com.comcast.ComplexDATA.ValidateStaticresponseUsingReqRes"/>
</testsuite> <!-- com.comcast.ComplexDATA.ValidateStaticresponseUsingReqRes -->
