<?xml version="1.0" encoding="UTF-8"?>
<!-- Generated by org.testng.reporters.JUnitReportReporter -->
<testsuite skipped="0" hostname="DESKTOP-THFSISU" name="ParametersAndAuthentication.PathParameter" tests="1" failures="0" timestamp="31 Jul 2021 06:23:39 GMT" time="2.125" errors="0">
  <testcase name="verifyPathparameter" time="2.125" classname="ParametersAndAuthentication.PathParameter"/>
</testsuite> <!-- ParametersAndAuthentication.PathParameter -->
