<?xml version="1.0" encoding="UTF-8"?>
<!-- Generated by org.testng.reporters.JUnitReportReporter -->
<testsuite skipped="0" hostname="DESKTOP-THFSISU" name="com.comcast.ComplexDATA.ValidateStaticResponse" tests="1" failures="0" timestamp="30 Jul 2021 16:29:35 GMT" time="3.009" errors="0">
  <testcase name="validateStaticResponse" time="3.009" classname="com.comcast.ComplexDATA.ValidateStaticResponse"/>
</testsuite> <!-- com.comcast.ComplexDATA.ValidateStaticResponse -->
