<?xml version="1.0" encoding="UTF-8"?>
<!-- Generated by org.testng.reporters.JUnitReportReporter -->
<testsuite skipped="0" hostname="DESKTOP-THFSISU" name="ParametersAndAuthentication.ChainningpostandDelete" tests="1" failures="0" timestamp="31 Jul 2021 15:46:13 GMT" time="3.907" errors="0">
  <testcase name="verifyOuath2" time="3.907" classname="ParametersAndAuthentication.ChainningpostandDelete"/>
</testsuite> <!-- ParametersAndAuthentication.ChainningpostandDelete -->
