<?xml version="1.0" encoding="UTF-8"?>
<!-- Generated by org.testng.reporters.JUnitReportReporter -->
<testsuite skipped="0" hostname="DESKTOP-THFSISU" name="TestCaseAssinments.CreateGetAndDelete" tests="1" failures="0" timestamp="01 Aug 2021 11:27:14 GMT" time="8.155" errors="0">
  <testcase name="creatAndgetAndDelete" time="8.155" classname="TestCaseAssinments.CreateGetAndDelete"/>
</testsuite> <!-- TestCaseAssinments.CreateGetAndDelete -->
