<?xml version="1.0" encoding="UTF-8"?>
<!-- Generated by org.testng.reporters.JUnitReportReporter -->
<testsuite skipped="0" hostname="DESKTOP-THFSISU" name="ParametersAndAuthentication.Queryparameter" tests="1" failures="0" timestamp="31 Jul 2021 07:10:22 GMT" time="2.166" errors="0">
  <testcase name="verifyQueryparameter" time="2.166" classname="ParametersAndAuthentication.Queryparameter"/>
</testsuite> <!-- ParametersAndAuthentication.Queryparameter -->
